[2021-08-19 08:58:16Z INFO HostContext] No proxy settings were found based on environmental variables (http_proxy/https_proxy/HTTP_PROXY/HTTPS_PROXY)
[2021-08-19 08:58:16Z INFO HostContext] Well known directory 'Bin': '/home/ubuntu/devops-academy-handins-public/simple-fortune-cookie/actions-runner/bin'
[2021-08-19 08:58:16Z INFO HostContext] Well known directory 'Root': '/home/ubuntu/devops-academy-handins-public/simple-fortune-cookie/actions-runner'
[2021-08-19 08:58:16Z INFO HostContext] Well known config file 'Credentials': '/home/ubuntu/devops-academy-handins-public/simple-fortune-cookie/actions-runner/.credentials'
[2021-08-19 08:58:16Z INFO Listener] Runner is built for Linux (X64) - linux-x64.
[2021-08-19 08:58:16Z INFO Listener] RuntimeInformation: Linux 5.8.0-1038-gcp #40~20.04.1-Ubuntu SMP Thu Jul 15 11:55:03 UTC 2021.
[2021-08-19 08:58:16Z INFO Listener] Version: 2.280.2
[2021-08-19 08:58:16Z INFO Listener] Commit: ccafb91bfbcee5bed530aa82a1a0381b2c8f260c
[2021-08-19 08:58:16Z INFO Listener] Culture: 
[2021-08-19 08:58:16Z INFO Listener] UI Culture: 
[2021-08-19 08:58:16Z INFO HostContext] Well known directory 'Bin': '/home/ubuntu/devops-academy-handins-public/simple-fortune-cookie/actions-runner/bin'
[2021-08-19 08:58:16Z INFO HostContext] Well known directory 'Root': '/home/ubuntu/devops-academy-handins-public/simple-fortune-cookie/actions-runner'
[2021-08-19 08:58:16Z INFO Listener] Validating directory permissions for: '/home/ubuntu/devops-academy-handins-public/simple-fortune-cookie/actions-runner'
[2021-08-19 08:58:16Z INFO CommandLineParser] Parse
[2021-08-19 08:58:16Z INFO CommandLineParser] Parsing 1 args
[2021-08-19 08:58:16Z INFO CommandLineParser] parsing argument
[2021-08-19 08:58:16Z INFO CommandLineParser] HasArgs: False
[2021-08-19 08:58:16Z INFO CommandLineParser] Adding Command: run
[2021-08-19 08:58:16Z INFO Listener] Arguments parsed
[2021-08-19 08:58:16Z INFO Runner] ExecuteCommand
[2021-08-19 08:58:16Z INFO ConfigurationStore] currentAssemblyLocation: /home/ubuntu/devops-academy-handins-public/simple-fortune-cookie/actions-runner/bin/Runner.Listener.dll
[2021-08-19 08:58:16Z INFO HostContext] Well known directory 'Bin': '/home/ubuntu/devops-academy-handins-public/simple-fortune-cookie/actions-runner/bin'
[2021-08-19 08:58:16Z INFO ConfigurationStore] binPath: /home/ubuntu/devops-academy-handins-public/simple-fortune-cookie/actions-runner/bin
[2021-08-19 08:58:16Z INFO HostContext] Well known directory 'Bin': '/home/ubuntu/devops-academy-handins-public/simple-fortune-cookie/actions-runner/bin'
[2021-08-19 08:58:16Z INFO HostContext] Well known directory 'Root': '/home/ubuntu/devops-academy-handins-public/simple-fortune-cookie/actions-runner'
[2021-08-19 08:58:16Z INFO ConfigurationStore] RootFolder: /home/ubuntu/devops-academy-handins-public/simple-fortune-cookie/actions-runner
[2021-08-19 08:58:16Z INFO HostContext] Well known directory 'Bin': '/home/ubuntu/devops-academy-handins-public/simple-fortune-cookie/actions-runner/bin'
[2021-08-19 08:58:16Z INFO HostContext] Well known directory 'Root': '/home/ubuntu/devops-academy-handins-public/simple-fortune-cookie/actions-runner'
[2021-08-19 08:58:16Z INFO HostContext] Well known config file 'Runner': '/home/ubuntu/devops-academy-handins-public/simple-fortune-cookie/actions-runner/.runner'
[2021-08-19 08:58:16Z INFO ConfigurationStore] ConfigFilePath: /home/ubuntu/devops-academy-handins-public/simple-fortune-cookie/actions-runner/.runner
[2021-08-19 08:58:16Z INFO HostContext] Well known directory 'Bin': '/home/ubuntu/devops-academy-handins-public/simple-fortune-cookie/actions-runner/bin'
[2021-08-19 08:58:16Z INFO HostContext] Well known directory 'Root': '/home/ubuntu/devops-academy-handins-public/simple-fortune-cookie/actions-runner'
[2021-08-19 08:58:16Z INFO HostContext] Well known config file 'Credentials': '/home/ubuntu/devops-academy-handins-public/simple-fortune-cookie/actions-runner/.credentials'
[2021-08-19 08:58:16Z INFO ConfigurationStore] CredFilePath: /home/ubuntu/devops-academy-handins-public/simple-fortune-cookie/actions-runner/.credentials
[2021-08-19 08:58:16Z INFO HostContext] Well known directory 'Bin': '/home/ubuntu/devops-academy-handins-public/simple-fortune-cookie/actions-runner/bin'
[2021-08-19 08:58:16Z INFO HostContext] Well known directory 'Root': '/home/ubuntu/devops-academy-handins-public/simple-fortune-cookie/actions-runner'
[2021-08-19 08:58:16Z INFO HostContext] Well known config file 'MigratedCredentials': '/home/ubuntu/devops-academy-handins-public/simple-fortune-cookie/actions-runner/.credentials_migrated'
[2021-08-19 08:58:16Z INFO ConfigurationStore] MigratedCredFilePath: /home/ubuntu/devops-academy-handins-public/simple-fortune-cookie/actions-runner/.credentials_migrated
[2021-08-19 08:58:16Z INFO HostContext] Well known directory 'Bin': '/home/ubuntu/devops-academy-handins-public/simple-fortune-cookie/actions-runner/bin'
[2021-08-19 08:58:16Z INFO HostContext] Well known directory 'Root': '/home/ubuntu/devops-academy-handins-public/simple-fortune-cookie/actions-runner'
[2021-08-19 08:58:16Z INFO HostContext] Well known config file 'Service': '/home/ubuntu/devops-academy-handins-public/simple-fortune-cookie/actions-runner/.service'
[2021-08-19 08:58:16Z INFO ConfigurationStore] ServiceConfigFilePath: /home/ubuntu/devops-academy-handins-public/simple-fortune-cookie/actions-runner/.service
[2021-08-19 08:58:16Z INFO CommandSettings] Flag 'help': 'False'
[2021-08-19 08:58:16Z INFO CommandSettings] Flag 'version': 'False'
[2021-08-19 08:58:16Z INFO CommandSettings] Flag 'commit': 'False'
[2021-08-19 08:58:16Z INFO CommandSettings] Flag 'check': 'False'
[2021-08-19 08:58:16Z INFO CommandSettings] Command 'configure': 'False'
[2021-08-19 08:58:16Z INFO CommandSettings] Command 'remove': 'False'
[2021-08-19 08:58:16Z INFO CommandSettings] Command 'warmup': 'False'
[2021-08-19 08:58:16Z INFO ConfigurationManager] LoadSettings
[2021-08-19 08:58:16Z INFO ConfigurationStore] IsConfigured()
[2021-08-19 08:58:16Z INFO ConfigurationStore] IsConfigured: True
[2021-08-19 08:58:16Z INFO ConfigurationManager] Is configured: True
[2021-08-19 08:58:16Z INFO ConfigurationStore] Read setting file: 311 chars
[2021-08-19 08:58:16Z INFO ConfigurationManager] Settings Loaded
[2021-08-19 08:58:16Z INFO ConfigurationStore] IsServiceConfigured()
[2021-08-19 08:58:16Z INFO ConfigurationStore] IsServiceConfigured: False
[2021-08-19 08:58:16Z INFO CommandSettings] Command 'run': 'True'
[2021-08-19 08:58:16Z INFO ConfigurationStore] IsConfigured()
[2021-08-19 08:58:16Z INFO ConfigurationStore] IsConfigured: True
[2021-08-19 08:58:16Z INFO ConfigurationManager] Is configured: True
[2021-08-19 08:58:16Z INFO Runner] Could not parse the argument value '' for StartupType. Defaulting to Manual
[2021-08-19 08:58:16Z INFO Runner] Set runner startup type - Manual
[2021-08-19 08:58:16Z INFO CommandSettings] Flag 'once': 'False'
[2021-08-19 08:58:16Z INFO Runner] RunAsync
[2021-08-19 08:58:16Z INFO ConfigurationManager] LoadSettings
[2021-08-19 08:58:16Z INFO ConfigurationStore] IsConfigured()
[2021-08-19 08:58:16Z INFO ConfigurationStore] IsConfigured: True
[2021-08-19 08:58:16Z INFO ConfigurationManager] Is configured: True
[2021-08-19 08:58:16Z INFO ConfigurationManager] Settings Loaded
[2021-08-19 08:58:16Z INFO MessageListener] {
  "AgentId": 2,
  "AgentName": "devopsacademy-instance43",
  "PoolId": 1,
  "PoolName": "Default",
  "ServerUrl": "https://pipelines.actions.githubusercontent.com/IBFVzyCUhpkkJawKGBXHTtE7VrtO1ZSBjVDG2YfbdNLZAguFEO",
  "GitHubUrl": "https://github.com/miki2670/simple-fortune-cookie",
  "WorkFolder": "_work"
}
[2021-08-19 08:58:16Z INFO MessageListener] Loading Credentials
[2021-08-19 08:58:16Z INFO ConfigurationStore] HasCredentials()
[2021-08-19 08:58:16Z INFO ConfigurationStore] stored True
[2021-08-19 08:58:16Z INFO CredentialManager] GetCredentialProvider
[2021-08-19 08:58:16Z INFO CredentialManager] Creating type OAuth
[2021-08-19 08:58:17Z INFO CredentialManager] Creating credential type: OAuth
[2021-08-19 08:58:17Z INFO HostContext] Well known directory 'Bin': '/home/ubuntu/devops-academy-handins-public/simple-fortune-cookie/actions-runner/bin'
[2021-08-19 08:58:17Z INFO HostContext] Well known directory 'Root': '/home/ubuntu/devops-academy-handins-public/simple-fortune-cookie/actions-runner'
[2021-08-19 08:58:17Z INFO HostContext] Well known config file 'RSACredentials': '/home/ubuntu/devops-academy-handins-public/simple-fortune-cookie/actions-runner/.credentials_rsaparams'
[2021-08-19 08:58:17Z INFO RSAFileKeyManager] Loading RSA key parameters from file /home/ubuntu/devops-academy-handins-public/simple-fortune-cookie/actions-runner/.credentials_rsaparams
[2021-08-19 08:58:17Z INFO MessageListener] Attempt to create session.
[2021-08-19 08:58:17Z INFO MessageListener] Connecting to the Runner Server...
[2021-08-19 08:58:17Z INFO RunnerServer] Establish connection with 100 seconds timeout.
[2021-08-19 08:58:17Z INFO GitHubActionsService] Starting operation Location.GetConnectionData
[2021-08-19 08:58:17Z INFO RunnerServer] Establish connection with 60 seconds timeout.
[2021-08-19 08:58:17Z INFO GitHubActionsService] Starting operation Location.GetConnectionData
[2021-08-19 08:58:17Z INFO RunnerServer] Establish connection with 60 seconds timeout.
[2021-08-19 08:58:17Z INFO GitHubActionsService] Starting operation Location.GetConnectionData
[2021-08-19 08:58:17Z INFO GitHubActionsService] Finished operation Location.GetConnectionData
[2021-08-19 08:58:17Z INFO GitHubActionsService] Finished operation Location.GetConnectionData
[2021-08-19 08:58:17Z INFO GitHubActionsService] Finished operation Location.GetConnectionData
[2021-08-19 08:58:17Z INFO MessageListener] VssConnection created
[2021-08-19 08:58:17Z INFO Terminal] WRITE LINE: 
[2021-08-19 08:58:17Z INFO Terminal] WRITE LINE: 
[2021-08-19 08:58:17Z WARN GitHubActionsService] Authentication failed with status code 401.
WWW-Authenticate: Bearer
Strict-Transport-Security: max-age=2592000
X-TFS-ProcessId: 76d57b45-d6ee-4fcd-884d-c84d93bdebe5
ActivityId: dc983791-480b-4947-b891-f1f62092878a
X-TFS-Session: 7168716b-76f4-4005-a7ab-8bb728d7e1c4
X-VSS-E2EID: 543d84e2-23b1-4476-815c-0b77b1bd054b
X-VSS-SenderDeploymentId: 6074703f-c195-632a-bd61-21691fc86fa5
X-TFS-ServiceError: The+user+%27System%3aPublicAccess%3baaaaaaaa-aaaa-aaaa-aaaa-aaaaaaaaaaaa%27+is+not+authorized+to+access+this+resource.
X-VSS-S2STargetService: 0000005A-0000-8888-8000-000000000000/visualstudio.com
X-Cache: CONFIG_NOCACHE
X-MSEdge-Ref: Ref A: F4A9B22676F14AC888CB9A43A3918C41 Ref B: LON04EDGE0911 Ref C: 2021-08-19T08:58:17Z
Date: Thu, 19 Aug 2021 08:58:17 GMT

[2021-08-19 08:58:17Z INFO RSAFileKeyManager] Loading RSA key parameters from file /home/ubuntu/devops-academy-handins-public/simple-fortune-cookie/actions-runner/.credentials_rsaparams
[2021-08-19 08:58:17Z INFO RSAFileKeyManager] Loading RSA key parameters from file /home/ubuntu/devops-academy-handins-public/simple-fortune-cookie/actions-runner/.credentials_rsaparams
[2021-08-19 08:58:18Z INFO GitHubActionsService] AAD Correlation ID for this token request: Unknown
[2021-08-19 08:58:18Z INFO MessageListener] Session created.
[2021-08-19 08:58:18Z INFO Terminal] WRITE LINE: 2021-08-19 08:58:18Z: Listening for Jobs
[2021-08-19 08:58:18Z INFO JobDispatcher] Set runner/worker IPC timeout to 30 seconds.
[2021-08-19 09:03:32Z INFO Terminal] WRITE LINE: Exiting...
[2021-08-19 09:03:32Z INFO ConfigurationStore] IsServiceConfigured()
[2021-08-19 09:03:32Z INFO ConfigurationStore] IsServiceConfigured: False
[2021-08-19 09:03:32Z INFO HostContext] Runner will be shutdown for UserCancelled
[2021-08-19 09:03:32Z WARN GitHubActionsService] GET request to https://pipelines.actions.githubusercontent.com/IBFVzyCUhpkkJawKGBXHTtE7VrtO1ZSBjVDG2YfbdNLZAguFEO/_apis/distributedtask/pools/1/messages?sessionId=e21c2f4b-83f7-4719-aa5f-c450464f8ca5 has been cancelled.
[2021-08-19 09:03:32Z INFO MessageListener] Get next message has been cancelled.
[2021-08-19 09:03:32Z INFO JobDispatcher] Shutting down JobDispatcher. Make sure all WorkerDispatcher has finished.
[2021-08-19 09:03:33Z INFO Listener] Runner execution been cancelled.
